#
# There is insufficient memory for the Java Runtime Environment to continue.
# Native memory allocation (malloc) failed to allocate 32744 bytes for ChunkPool::allocate
# Possible reasons:
#   The system is out of physical RAM or swap space
#   In 32 bit mode, the process size limit was hit
# Possible solutions:
#   Reduce memory load on the system
#   Increase physical memory or swap space
#   Check if swap backing store is full
#   Use 64 bit Java on a 64 bit OS
#   Decrease Java heap size (-Xmx/-Xms)
#   Decrease number of Java threads
#   Decrease Java thread stack sizes (-Xss)
#   Set larger code cache with -XX:ReservedCodeCacheSize=
# This output file may be truncated or incomplete.
#
#  Out of Memory Error (allocation.cpp:273), pid=9524, tid=0x00000000000027a4
#
# JRE version: OpenJDK Runtime Environment (8.0_152-b02) (build 1.8.0_152-release-1024-b02)
# Java VM: OpenJDK 64-Bit Server VM (25.152-b02 mixed mode windows-amd64 compressed oops)
# Failed to write core dump. Minidumps are not enabled by default on client versions of Windows
#

---------------  T H R E A D  ---------------

Current thread (0x0000000058e88800):  JavaThread "Daemon worker" [_thread_in_vm, id=10148, stack(0x000000005b050000,0x000000005b150000)]

Stack: [0x000000005b050000,0x000000005b150000]
[error occurred during error reporting (printing stack bounds), id 0xc0000005]

Native frames: (J=compiled Java code, j=interpreted, Vv=VM code, C=native code)

Java frames: (J=compiled Java code, j=interpreted, Vv=VM code)
j  kotlin.reflect.jvm.internal.KClassCacheKt.getOrCreateKotlinClass(Ljava/lang/Class;)Lkotlin/reflect/jvm/internal/KClassImpl;+194
j  kotlin.reflect.jvm.internal.ReflectionFactoryImpl.getOrCreateKotlinClass(Ljava/lang/Class;)Lkotlin/reflect/KClass;+1
j  kotlin.jvm.internal.Reflection.getOrCreateKotlinClass(Ljava/lang/Class;)Lkotlin/reflect/KClass;+4
j  org.gradle.kotlin.dsl.provider.BuildServices.<clinit>()V+12
v  ~StubRoutines::call_stub
j  org.gradle.kotlin.dsl.services.KotlinScriptServiceRegistry.registerBuildServices(Lorg/gradle/internal/service/ServiceRegistration;)V+16
j  org.gradle.internal.service.scopes.BuildScopeServices$1.execute(Lorg/gradle/internal/service/ServiceRegistration;)V+39
j  org.gradle.internal.service.scopes.BuildScopeServices$1.execute(Ljava/lang/Object;)V+5
j  org.gradle.internal.service.DefaultServiceRegistry.register(Lorg/gradle/api/Action;)V+9
j  org.gradle.internal.service.scopes.BuildScopeServices.<init>(Lorg/gradle/internal/service/ServiceRegistry;)V+34
j  org.gradle.initialization.DefaultGradleLauncherFactory.doNewInstance(Lorg/gradle/StartParameter;Lorg/gradle/initialization/GradleLauncher;Lorg/gradle/initialization/BuildCancellationToken;Lorg/gradle/initialization/BuildRequestMetaData;Lorg/gradle/initialization/BuildEventConsumer;Lorg/gradle/internal/service/scopes/BuildTreeScopeServices;Ljava/util/List;)Lorg/gradle/initialization/DefaultGradleLauncher;+6
j  org.gradle.initialization.DefaultGradleLauncherFactory.newInstance(Lorg/gradle/StartParameter;Lorg/gradle/initialization/BuildRequestContext;Lorg/gradle/internal/service/ServiceRegistry;)Lorg/gradle/initialization/GradleLauncher;+69
j  org.gradle.launcher.exec.InProcessBuildActionExecuter.execute(Lorg/gradle/internal/invocation/BuildAction;Lorg/gradle/initialization/BuildRequestContext;Lorg/gradle/launcher/exec/BuildActionParameters;Lorg/gradle/internal/service/ServiceRegistry;)Ljava/lang/Object;+13
j  org.gradle.launcher.exec.InProcessBuildActionExecuter.execute(Lorg/gradle/internal/invocation/BuildAction;Lorg/gradle/initialization/BuildRequestContext;Ljava/lang/Object;Lorg/gradle/internal/service/ServiceRegistry;)Ljava/lang/Object;+9
j  org.gradle.launcher.exec.BuildTreeScopeBuildActionExecuter.execute(Lorg/gradle/internal/invocation/BuildAction;Lorg/gradle/initialization/BuildRequestContext;Lorg/gradle/launcher/exec/BuildActionParameters;Lorg/gradle/internal/service/ServiceRegistry;)Ljava/lang/Object;+41
j  org.gradle.launcher.exec.BuildTreeScopeBuildActionExecuter.execute(Lorg/gradle/internal/invocation/BuildAction;Lorg/gradle/initialization/BuildRequestContext;Ljava/lang/Object;Lorg/gradle/internal/service/ServiceRegistry;)Ljava/lang/Object;+9
j  org.gradle.tooling.internal.provider.ContinuousBuildActionExecuter.execute(Lorg/gradle/internal/invocation/BuildAction;Lorg/gradle/initialization/BuildRequestContext;Lorg/gradle/launcher/exec/BuildActionParameters;Lorg/gradle/internal/service/ServiceRegistry;)Ljava/lang/Object;+63
j  org.gradle.tooling.internal.provider.ContinuousBuildActionExecuter.execute(Lorg/gradle/internal/invocation/BuildAction;Lorg/gradle/initialization/BuildRequestContext;Ljava/lang/Object;Lorg/gradle/internal/service/ServiceRegistry;)Ljava/lang/Object;+9
j  org.gradle.tooling.internal.provider.ServicesSetupBuildActionExecuter.execute(Lorg/gradle/internal/invocation/BuildAction;Lorg/gradle/initialization/BuildRequestContext;Lorg/gradle/launcher/exec/BuildActionParameters;Lorg/gradle/internal/service/ServiceRegistry;)Ljava/lang/Object;+86
j  org.gradle.tooling.internal.provider.ServicesSetupBuildActionExecuter.execute(Lorg/gradle/internal/invocation/BuildAction;Lorg/gradle/initialization/BuildRequestContext;Ljava/lang/Object;Lorg/gradle/internal/service/ServiceRegistry;)Ljava/lang/Object;+9
j  org.gradle.tooling.internal.provider.GradleThreadBuildActionExecuter.execute(Lorg/gradle/internal/invocation/BuildAction;Lorg/gradle/initialization/BuildRequestContext;Lorg/gradle/launcher/exec/BuildActionParameters;Lorg/gradle/internal/service/ServiceRegistry;)Ljava/lang/Object;+12
j  org.gradle.tooling.internal.provider.GradleThreadBuildActionExecuter.execute(Lorg/gradle/internal/invocation/BuildAction;Lorg/gradle/initialization/BuildRequestContext;Ljava/lang/Object;Lorg/gradle/internal/service/ServiceRegistry;)Ljava/lang/Object;+9
j  org.gradle.tooling.internal.provider.ParallelismConfigurationBuildActionExecuter.execute(Lorg/gradle/internal/invocation/BuildAction;Lorg/gradle/initialization/BuildRequestContext;Lorg/gradle/launcher/exec/BuildActionParameters;Lorg/gradle/internal/service/ServiceRegistry;)Ljava/lang/Object;+43
j  org.gradle.tooling.internal.provider.ParallelismConfigurationBuildActionExecuter.execute(Lorg/gradle/internal/invocation/BuildAction;Lorg/gradle/initialization/BuildRequestContext;Ljava/lang/Object;Lorg/gradle/internal/service/ServiceRegistry;)Ljava/lang/Object;+9
j  org.gradle.tooling.internal.provider.StartParamsValidatingActionExecuter.execute(Lorg/gradle/internal/invocation/BuildAction;Lorg/gradle/initialization/BuildRequestContext;Lorg/gradle/launcher/exec/BuildActionParameters;Lorg/gradle/internal/service/ServiceRegistry;)Ljava/lang/Object;+279
j  org.gradle.tooling.internal.provider.StartParamsValidatingActionExecuter.execute(Lorg/gradle/internal/invocation/BuildAction;Lorg/gradle/initialization/BuildRequestContext;Ljava/lang/Object;Lorg/gradle/internal/service/ServiceRegistry;)Ljava/lang/Object;+9
j  org.gradle.tooling.internal.provider.SessionFailureReportingActionExecuter.execute(Lorg/gradle/internal/invocation/BuildAction;Lorg/gradle/initialization/BuildRequestContext;Lorg/gradle/launcher/exec/BuildActionParameters;Lorg/gradle/internal/service/ServiceRegistry;)Ljava/lang/Object;+9
j  org.gradle.tooling.internal.provider.SessionFailureReportingActionExecuter.execute(Lorg/gradle/internal/invocation/BuildAction;Lorg/gradle/initialization/BuildRequestContext;Ljava/lang/Object;Lorg/gradle/internal/service/ServiceRegistry;)Ljava/lang/Object;+9
j  org.gradle.tooling.internal.provider.SetupLoggingActionExecuter.execute(Lorg/gradle/internal/invocation/BuildAction;Lorg/gradle/initialization/BuildRequestContext;Lorg/gradle/launcher/exec/BuildActionParameters;Lorg/gradle/internal/service/ServiceRegistry;)Ljava/lang/Object;+42
j  org.gradle.tooling.internal.provider.SetupLoggingActionExecuter.execute(Lorg/gradle/internal/invocation/BuildAction;Lorg/gradle/initialization/BuildRequestContext;Ljava/lang/Object;Lorg/gradle/internal/service/ServiceRegistry;)Ljava/lang/Object;+9
j  org.gradle.launcher.daemon.server.exec.ExecuteBuild.doBuild(Lorg/gradle/launcher/daemon/server/api/DaemonCommandExecution;Lorg/gradle/launcher/daemon/protocol/Build;)V+114
j  org.gradle.launcher.daemon.server.exec.BuildCommandOnly.execute(Lorg/gradle/launcher/daemon/server/api/DaemonCommandExecution;)V+49
j  org.gradle.launcher.daemon.server.api.DaemonCommandExecution.proceed()Z+28
j  org.gradle.launcher.daemon.server.exec.WatchForDisconnection.execute(Lorg/gradle/launcher/daemon/server/api/DaemonCommandExecution;)V+19
j  org.gradle.launcher.daemon.server.api.DaemonCommandExecution.proceed()Z+28
j  org.gradle.launcher.daemon.server.exec.ResetDeprecationLogger.execute(Lorg/gradle/launcher/daemon/server/api/DaemonCommandExecution;)V+4
j  org.gradle.launcher.daemon.server.api.DaemonCommandExecution.proceed()Z+28
j  org.gradle.launcher.daemon.server.exec.RequestStopIfSingleUsedDaemon.execute(Lorg/gradle/launcher/daemon/server/api/DaemonCommandExecution;)V+33
j  org.gradle.launcher.daemon.server.api.DaemonCommandExecution.proceed()Z+28
j  org.gradle.launcher.daemon.server.exec.ForwardClientInput$2.call()Ljava/lang/Void;+4
j  org.gradle.launcher.daemon.server.exec.ForwardClientInput$2.call()Ljava/lang/Object;+1
j  org.gradle.util.Swapper.swap(Ljava/lang/Object;Ljava/util/concurrent/Callable;)Ljava/lang/Object;+21
j  org.gradle.launcher.daemon.server.exec.ForwardClientInput.execute(Lorg/gradle/launcher/daemon/server/api/DaemonCommandExecution;)V+63
j  org.gradle.launcher.daemon.server.api.DaemonCommandExecution.proceed()Z+28
j  org.gradle.launcher.daemon.server.exec.LogAndCheckHealth.execute(Lorg/gradle/launcher/daemon/server/api/DaemonCommandExecution;)V+28
j  org.gradle.launcher.daemon.server.api.DaemonCommandExecution.proceed()Z+28
j  org.gradle.launcher.daemon.server.exec.LogToClient.doBuild(Lorg/gradle/launcher/daemon/server/api/DaemonCommandExecution;Lorg/gradle/launcher/daemon/protocol/Build;)V+87
j  org.gradle.launcher.daemon.server.exec.BuildCommandOnly.execute(Lorg/gradle/launcher/daemon/server/api/DaemonCommandExecution;)V+49
j  org.gradle.launcher.daemon.server.api.DaemonCommandExecution.proceed()Z+28
j  org.gradle.launcher.daemon.server.exec.EstablishBuildEnvironment.doBuild(Lorg/gradle/launcher/daemon/server/api/DaemonCommandExecution;Lorg/gradle/launcher/daemon/protocol/Build;)V+365
j  org.gradle.launcher.daemon.server.exec.BuildCommandOnly.execute(Lorg/gradle/launcher/daemon/server/api/DaemonCommandExecution;)V+49
j  org.gradle.launcher.daemon.server.api.DaemonCommandExecution.proceed()Z+28
j  org.gradle.launcher.daemon.server.exec.StartBuildOrRespondWithBusy$1.run()V+44
j  org.gradle.launcher.daemon.server.DaemonStateCoordinator$1.run()V+4
j  org.gradle.internal.concurrent.ExecutorPolicy$CatchAndRecordFailures.onExecute(Ljava/lang/Runnable;)V+1
j  org.gradle.internal.concurrent.ManagedExecutorImpl$1.run()V+25
j  java.util.concurrent.ThreadPoolExecutor.runWorker(Ljava/util/concurrent/ThreadPoolExecutor$Worker;)V+95
j  java.util.concurrent.ThreadPoolExecutor$Worker.run()V+5
j  org.gradle.internal.concurrent.ThreadFactoryImpl$ManagedThreadRunnable.run()V+7
j  java.lang.Thread.run()V+11
v  ~StubRoutines::call_stub

---------------  P R O C E S S  ---------------

Java Threads: ( => current thread )
  0x0000000059022000 JavaThread "Stdin handler" [_thread_blocked, id=9416, stack(0x000000005b270000,0x000000005b370000)]
  0x00000000567f9000 JavaThread "Asynchronous log dispatcher for DefaultDaemonConnection: socket connection from /127.0.0.1:4878 to /127.0.0.1:4887" [_thread_blocked, id=10028, stack(0x000000005acd0000,0x000000005add0000)]
=>0x0000000058e88800 JavaThread "Daemon worker" [_thread_in_vm, id=10148, stack(0x000000005b050000,0x000000005b150000)]
  0x0000000058e87800 JavaThread "Cancel handler" [_thread_blocked, id=1032, stack(0x000000005ae00000,0x000000005af00000)]
  0x0000000056a5f800 JavaThread "Handler for socket connection from /127.0.0.1:4878 to /127.0.0.1:4887" [_thread_in_native, id=9364, stack(0x000000005a9d0000,0x000000005aad0000)]
  0x0000000056a5f000 JavaThread "Daemon" [_thread_blocked, id=10000, stack(0x000000005a530000,0x000000005a630000)]
  0x00000000567ca000 JavaThread "Daemon periodic checks" [_thread_blocked, id=4500, stack(0x000000005a7c0000,0x000000005a8c0000)]
  0x000000005990c000 JavaThread "Incoming local TCP Connector on port 4878" [_thread_in_native, id=10192, stack(0x000000005a650000,0x000000005a750000)]
  0x000000005682e800 JavaThread "Service Thread" daemon [_thread_blocked, id=1264, stack(0x0000000058730000,0x0000000058830000)]
  0x00000000567b5000 JavaThread "C1 CompilerThread3" daemon [_thread_blocked, id=7416, stack(0x0000000058610000,0x0000000058710000)]
  0x00000000555cf000 JavaThread "C2 CompilerThread2" daemon [_thread_blocked, id=8808, stack(0x0000000058390000,0x0000000058490000)]
  0x00000000555cb000 JavaThread "C2 CompilerThread1" daemon [_thread_blocked, id=10152, stack(0x0000000057e90000,0x0000000057f90000)]
  0x0000000056785800 JavaThread "C2 CompilerThread0" daemon [_thread_in_native, id=5408, stack(0x00000000581b0000,0x00000000582b0000)]
  0x0000000056784800 JavaThread "Attach Listener" daemon [_thread_blocked, id=8556, stack(0x0000000057fa0000,0x00000000580a0000)]
  0x0000000056783000 JavaThread "Signal Dispatcher" daemon [_thread_blocked, id=4272, stack(0x0000000057cf0000,0x0000000057df0000)]
  0x00000000555c0800 JavaThread "Finalizer" daemon [_thread_blocked, id=2460, stack(0x0000000057b20000,0x0000000057c20000)]
  0x00000000555b8800 JavaThread "Reference Handler" daemon [_thread_blocked, id=2948, stack(0x0000000057870000,0x0000000057970000)]
  0x000000000269f000 JavaThread "main" [_thread_blocked, id=8612, stack(0x0000000002960000,0x0000000002a60000)]

Other Threads:
  0x0000000056732800 VMThread [stack: 0x0000000057750000,0x0000000057850000] [id=8140]
  0x0000000056831000 WatcherThread [stack: 0x00000000584b0000,0x00000000585b0000] [id=3892]

VM state:not at safepoint (normal execution)

VM Mutex/Monitor currently owned by a thread: None

Heap:
 PSYoungGen      total 56832K, used 38032K [0x00000000eab00000, 0x00000000eea00000, 0x0000000100000000)
  eden space 49152K, 66% used [0x00000000eab00000,0x00000000ecadc4c0,0x00000000edb00000)
  from space 7680K, 70% used [0x00000000edb00000,0x00000000ee047d48,0x00000000ee280000)
  to   space 7680K, 0% used [0x00000000ee280000,0x00000000ee280000,0x00000000eea00000)
 ParOldGen       total 130048K, used 16K [0x00000000c0000000, 0x00000000c7f00000, 0x00000000eab00000)
  object space 130048K, 0% used [0x00000000c0000000,0x00000000c0004000,0x00000000c7f00000)
 Metaspace       used 12763K, capacity 13210K, committed 13440K, reserved 1060864K
  class space    used 1738K, capacity 1901K, committed 1920K, reserved 1048576K

Card table byte_map: [0x0000000011e20000,0x0000000012030000] byte_map_base: 0x0000000011820000

Marking Bits: (ParMarkBitMap*) 0x000000005d384970
 Begin Bits: [0x00000000129d0000, 0x00000000139d0000)
 End Bits:   [0x00000000139d0000, 0x00000000149d0000)

Polling page: 0x0000000001f70000

CodeCache: size=245760Kb used=4621Kb max_used=4635Kb free=241138Kb
 bounds [0x0000000002a60000, 0x0000000002ef0000, 0x0000000011a60000]
 total_blobs=1712 nmethods=1351 adapters=275
 compilation: enabled

Compilation events (10 events):
Event: 7.380 Thread 0x0000000056785800 1347   !   4       java.lang.ClassLoader::loadClass (122 bytes)
Event: 7.380 Thread 0x00000000567b5000 1348       3       org.gradle.internal.service.RelevantMethodsBuilder::add (31 bytes)
Event: 7.380 Thread 0x00000000567b5000 nmethod 1348 0x0000000002ee0bd0 code [0x0000000002ee0d60, 0x0000000002ee11c8]
Event: 7.380 Thread 0x00000000567b5000 1349       3       java.util.LinkedList$ListItr::remove (84 bytes)
Event: 7.381 Thread 0x00000000567b5000 nmethod 1349 0x0000000002ee0310 code [0x0000000002ee04c0, 0x0000000002ee09a8]
Event: 7.383 Thread 0x00000000555cf000 1350       4       java.lang.String::lastIndexOf (151 bytes)
Event: 7.385 Thread 0x00000000555cf000 nmethod 1350 0x0000000002ee3750 code [0x0000000002ee38a0, 0x0000000002ee3b18]
Event: 7.396 Thread 0x00000000555cb000 1351   !   4       java.util.concurrent.ConcurrentHashMap::transfer (832 bytes)
Event: 7.403 Thread 0x00000000555cf000 1352       4       java.nio.DirectLongBufferU::put (18 bytes)
Event: 7.403 Thread 0x00000000555cf000 nmethod 1352 0x0000000002eddcd0 code [0x0000000002edde00, 0x0000000002edde98]

GC Heap History (2 events):
Event: 3.227 GC heap before
{Heap before GC invocations=1 (full 0):
 PSYoungGen      total 56832K, used 49152K [0x00000000eab00000, 0x00000000eea00000, 0x0000000100000000)
  eden space 49152K, 100% used [0x00000000eab00000,0x00000000edb00000,0x00000000edb00000)
  from space 7680K, 0% used [0x00000000ee280000,0x00000000ee280000,0x00000000eea00000)
  to   space 7680K, 0% used [0x00000000edb00000,0x00000000edb00000,0x00000000ee280000)
 ParOldGen       total 130048K, used 0K [0x00000000c0000000, 0x00000000c7f00000, 0x00000000eab00000)
  object space 130048K, 0% used [0x00000000c0000000,0x00000000c0000000,0x00000000c7f00000)
 Metaspace       used 7205K, capacity 7472K, committed 7680K, reserved 1056768K
  class space    used 906K, capacity 984K, committed 1024K, reserved 1048576K
Event: 3.238 GC heap after
Heap after GC invocations=1 (full 0):
 PSYoungGen      total 56832K, used 5407K [0x00000000eab00000, 0x00000000eea00000, 0x0000000100000000)
  eden space 49152K, 0% used [0x00000000eab00000,0x00000000eab00000,0x00000000edb00000)
  from space 7680K, 70% used [0x00000000edb00000,0x00000000ee047d48,0x00000000ee280000)
  to   space 7680K, 0% used [0x00000000ee280000,0x00000000ee280000,0x00000000eea00000)
 ParOldGen       total 130048K, used 16K [0x00000000c0000000, 0x00000000c7f00000, 0x00000000eab00000)
  object space 130048K, 0% used [0x00000000c0000000,0x00000000c0004000,0x00000000c7f00000)
 Metaspace       used 7205K, capacity 7472K, committed 7680K, reserved 1056768K
  class space    used 906K, capacity 984K, committed 1024K, reserved 1048576K
}

Deoptimization events (10 events):
Event: 3.415 Thread 0x000000000269f000 Uncommon trap: reason=class_check action=maybe_recompile pc=0x0000000002cd7cdc method=java.util.HashMap.putVal(ILjava/lang/Object;Ljava/lang/Object;ZZ)Ljava/lang/Object; @ 91
Event: 3.415 Thread 0x000000000269f000 Uncommon trap: reason=unstable_if action=reinterpret pc=0x0000000002cc0f24 method=java.util.HashMap.getNode(ILjava/lang/Object;)Ljava/util/HashMap$Node; @ 62
Event: 3.774 Thread 0x000000000269f000 Uncommon trap: reason=bimorphic action=maybe_recompile pc=0x0000000002d7fbe8 method=java.util.HashMap.putVal(ILjava/lang/Object;Ljava/lang/Object;ZZ)Ljava/lang/Object; @ 203
Event: 4.290 Thread 0x000000000269f000 Uncommon trap: reason=unstable_if action=reinterpret pc=0x0000000002d36f24 method=java.io.WinNTFileSystem.normalize(Ljava/lang/String;)Ljava/lang/String; @ 128
Event: 4.290 Thread 0x000000000269f000 Uncommon trap: reason=unstable_if action=reinterpret pc=0x0000000002d6b05c method=java.io.WinNTFileSystem.normalize(Ljava/lang/String;II)Ljava/lang/String; @ 90
Event: 6.866 Thread 0x0000000056a5f800 Uncommon trap: reason=unstable_if action=reinterpret pc=0x0000000002de9c80 method=java.util.concurrent.ConcurrentHashMap.putVal(Ljava/lang/Object;Ljava/lang/Object;Z)Ljava/lang/Object; @ 206
Event: 7.229 Thread 0x0000000058e88800 Uncommon trap: reason=bimorphic action=maybe_recompile pc=0x0000000002d7f548 method=java.util.HashMap.putVal(ILjava/lang/Object;Ljava/lang/Object;ZZ)Ljava/lang/Object; @ 253
Event: 7.229 Thread 0x0000000058e88800 Uncommon trap: reason=bimorphic action=maybe_recompile pc=0x0000000002d7f548 method=java.util.HashMap.putVal(ILjava/lang/Object;Ljava/lang/Object;ZZ)Ljava/lang/Object; @ 253
Event: 7.229 Thread 0x0000000058e88800 Uncommon trap: reason=bimorphic action=maybe_recompile pc=0x0000000002d7f548 method=java.util.HashMap.putVal(ILjava/lang/Object;Ljava/lang/Object;ZZ)Ljava/lang/Object; @ 253
Event: 7.269 Thread 0x0000000058e88800 Uncommon trap: reason=class_check action=maybe_recompile pc=0x0000000002ccac4c method=java.util.regex.Matcher.match(II)Z @ 86

Classes redefined (0 events):
No events

Internal exceptions (10 events):
Event: 6.951 Thread 0x0000000056a5f800 Exception <a 'java/lang/NoSuchMethodError': <clinit>> (0x00000000ebe306f0) thrown at [D:\src\AOSP-openjdk-cygwin\jdk8u\hotspot\src\share\vm\prims\jni.cpp, line 1613]
Event: 6.953 Thread 0x0000000056a5f800 Exception <a 'java/lang/NoSuchMethodError': <clinit>> (0x00000000ebe391b8) thrown at [D:\src\AOSP-openjdk-cygwin\jdk8u\hotspot\src\share\vm\prims\jni.cpp, line 1613]
Event: 6.957 Thread 0x0000000056a5f800 Exception <a 'java/lang/NoSuchMethodError': <clinit>> (0x00000000ebe4a820) thrown at [D:\src\AOSP-openjdk-cygwin\jdk8u\hotspot\src\share\vm\prims\jni.cpp, line 1613]
Event: 7.015 Thread 0x0000000056a5f800 Exception <a 'java/lang/NoSuchMethodError': <clinit>> (0x00000000ebeaf578) thrown at [D:\src\AOSP-openjdk-cygwin\jdk8u\hotspot\src\share\vm\prims\jni.cpp, line 1613]
Event: 7.036 Thread 0x0000000056a5f800 Exception <a 'java/lang/NoSuchMethodError': <clinit>> (0x00000000ebed2e50) thrown at [D:\src\AOSP-openjdk-cygwin\jdk8u\hotspot\src\share\vm\prims\jni.cpp, line 1613]
Event: 7.056 Thread 0x0000000056a5f800 Exception <a 'java/lang/NoSuchMethodError': <clinit>> (0x00000000ebefcfd8) thrown at [D:\src\AOSP-openjdk-cygwin\jdk8u\hotspot\src\share\vm\prims\jni.cpp, line 1613]
Event: 7.062 Thread 0x0000000056a5f800 Exception <a 'java/lang/NoSuchMethodError': <clinit>> (0x00000000ebf0ab50) thrown at [D:\src\AOSP-openjdk-cygwin\jdk8u\hotspot\src\share\vm\prims\jni.cpp, line 1613]
Event: 7.069 Thread 0x0000000056a5f800 Exception <a 'java/lang/NoSuchMethodError': <clinit>> (0x00000000ebf2f180) thrown at [D:\src\AOSP-openjdk-cygwin\jdk8u\hotspot\src\share\vm\prims\jni.cpp, line 1613]
Event: 7.153 Thread 0x0000000058e88800 Exception <a 'java/lang/NoSuchMethodError': <clinit>> (0x00000000ebfdc530) thrown at [D:\src\AOSP-openjdk-cygwin\jdk8u\hotspot\src\share\vm\prims\jni.cpp, line 1613]
Event: 7.154 Thread 0x0000000058e88800 Exception <a 'java/lang/NoSuchMethodError': <clinit>> (0x00000000ebfe47b8) thrown at [D:\src\AOSP-openjdk-cygwin\jdk8u\hotspot\src\share\vm\prims\jni.cpp, line 1613]

Events (10 events):
Event: 7.406 loading class kotlin/reflect/jvm/internal/KClassImpl
Event: 7.406 loading class kotlin/reflect/jvm/internal/KClassImpl done
Event: 7.407 loading class kotlin/reflect/jvm/internal/KClassifierImpl
Event: 7.407 loading class kotlin/reflect/jvm/internal/KClassifierImpl done
Event: 7.407 loading class kotlin/reflect/jvm/internal/impl/resolve/scopes/ResolutionScope
Event: 7.407 loading class kotlin/reflect/jvm/internal/impl/resolve/scopes/ResolutionScope done
Event: 7.409 loading class kotlin/TypeCastException
Event: 7.409 loading class kotlin/TypeCastException done
Event: 7.411 loading class kotlin/NoWhenBranchMatchedException
Event: 7.411 loading class kotlin/NoWhenBranchMatchedException done


Dynamic libraries:
0x000000013f8e0000 - 0x000000013f911000 	E:\Maje\programas\android Studio\jre\bin\java.exe
0x0000000077a40000 - 0x0000000077bdf000 	C:\Windows\SYSTEM32\ntdll.dll
0x0000000077920000 - 0x0000000077a3f000 	C:\Windows\system32\kernel32.dll
0x000007fefd730000 - 0x000007fefd79a000 	C:\Windows\system32\KERNELBASE.dll
0x000007fefe250000 - 0x000007fefe32b000 	C:\Windows\system32\ADVAPI32.dll
0x000007fefe910000 - 0x000007fefe9af000 	C:\Windows\system32\msvcrt.dll
0x000007feffb30000 - 0x000007feffb4f000 	C:\Windows\SYSTEM32\sechost.dll
0x000007fefdcc0000 - 0x000007fefdded000 	C:\Windows\system32\RPCRT4.dll
0x0000000077820000 - 0x000000007791a000 	C:\Windows\system32\USER32.dll
0x000007fefe420000 - 0x000007fefe487000 	C:\Windows\system32\GDI32.dll
0x000007feffb20000 - 0x000007feffb2e000 	C:\Windows\system32\LPK.dll
0x000007fefddf0000 - 0x000007fefdebb000 	C:\Windows\system32\USP10.dll
0x000007fefa900000 - 0x000007fefaaf4000 	C:\Windows\WinSxS\amd64_microsoft.windows.common-controls_6595b64144ccf1df_6.0.7601.18837_none_fa3b1e3d17594757\COMCTL32.dll
0x000007fefdb70000 - 0x000007fefdbe1000 	C:\Windows\system32\SHLWAPI.dll
0x000007fefdc90000 - 0x000007fefdcbe000 	C:\Windows\system32\IMM32.DLL
0x000007feffa10000 - 0x000007feffb19000 	C:\Windows\system32\MSCTF.dll
0x000007fefd650000 - 0x000007fefd680000 	C:\Windows\system32\nvinitx.dll
0x000007fefd640000 - 0x000007fefd64c000 	C:\Windows\system32\VERSION.dll
0x0000000075440000 - 0x0000000075446000 	C:\Program Files\NVIDIA Corporation\CoProcManager\detoured.dll
0x000007feedcc0000 - 0x000007feedcf8000 	C:\Program Files\NVIDIA Corporation\CoProcManager\nvd3d9wrapx.dll
0x000007feffb50000 - 0x000007feffd27000 	C:\Windows\system32\SETUPAPI.dll
0x000007fefd970000 - 0x000007fefd9a6000 	C:\Windows\system32\CFGMGR32.dll
0x000007fefe340000 - 0x000007fefe41a000 	C:\Windows\system32\OLEAUT32.dll
0x000007fefea80000 - 0x000007fefec7d000 	C:\Windows\system32\ole32.dll
0x000007fefd930000 - 0x000007fefd94a000 	C:\Windows\system32\DEVOBJ.dll
0x000007feedc90000 - 0x000007feedcb4000 	C:\Program Files\NVIDIA Corporation\CoProcManager\nvdxgiwrapx.dll
0x0000000075480000 - 0x0000000075496000 	C:\Windows\system32\PGPmapih.dll
0x000000005f220000 - 0x000000005f2f2000 	E:\Maje\programas\android Studio\jre\jre\bin\msvcr100.dll
0x000000005cbc0000 - 0x000000005d3ff000 	E:\Maje\programas\android Studio\jre\jre\bin\server\jvm.dll
0x000007feea6e0000 - 0x000007feea6e9000 	C:\Windows\system32\WSOCK32.dll
0x000007fefea30000 - 0x000007fefea7d000 	C:\Windows\system32\WS2_32.dll
0x000007fefe330000 - 0x000007fefe338000 	C:\Windows\system32\NSI.dll
0x000007fef5f80000 - 0x000007fef5fbb000 	C:\Windows\system32\WINMM.dll
0x0000000077be0000 - 0x0000000077be7000 	C:\Windows\system32\PSAPI.DLL
0x000007fef9e40000 - 0x000007fef9e4f000 	E:\Maje\programas\android Studio\jre\jre\bin\verify.dll
0x000007fef75e0000 - 0x000007fef7609000 	E:\Maje\programas\android Studio\jre\jre\bin\java.dll
0x000007fef7570000 - 0x000007fef7586000 	E:\Maje\programas\android Studio\jre\jre\bin\zip.dll
0x000007fefec80000 - 0x000007feffa0b000 	C:\Windows\system32\SHELL32.dll
0x000007fefd710000 - 0x000007fefd71f000 	C:\Windows\system32\profapi.dll
0x000007fef6c90000 - 0x000007fef6caa000 	E:\Maje\programas\android Studio\jre\jre\bin\net.dll
0x000007fefcea0000 - 0x000007fefcef5000 	C:\Windows\system32\mswsock.dll
0x000007fefce90000 - 0x000007fefce97000 	C:\Windows\System32\wship6.dll
0x000007fef66f0000 - 0x000007fef6701000 	E:\Maje\programas\android Studio\jre\jre\bin\nio.dll
0x000007fef60b0000 - 0x000007fef60ce000 	C:\Users\Gabi\.gradle\native\25\windows-amd64\native-platform.dll
0x000007fef9e30000 - 0x000007fef9e3d000 	E:\Maje\programas\android Studio\jre\jre\bin\management.dll
0x000007fefcf00000 - 0x000007fefcf18000 	C:\Windows\system32\CRYPTSP.dll
0x000007fefcc00000 - 0x000007fefcc47000 	C:\Windows\system32\rsaenh.dll
0x000007fefd7a0000 - 0x000007fefd7be000 	C:\Windows\system32\USERENV.dll
0x000007fefd570000 - 0x000007fefd57f000 	C:\Windows\system32\CRYPTBASE.dll
0x000007fefa880000 - 0x000007fefa8a7000 	C:\Windows\system32\IPHLPAPI.DLL
0x000007fefa870000 - 0x000007fefa87b000 	C:\Windows\system32\WINNSI.DLL
0x000007feeda60000 - 0x000007feeda71000 	C:\Windows\system32\dhcpcsvc6.DLL
0x000007feeda40000 - 0x000007feeda58000 	C:\Windows\system32\dhcpcsvc.DLL

VM Arguments:
jvm_args: -XX:+HeapDumpOnOutOfMemoryError -Xmx1024m -Dfile.encoding=windows-1252 -Duser.country=ES -Duser.language=es -Duser.variant 
java_command: org.gradle.launcher.daemon.bootstrap.GradleDaemon 4.4
java_class_path (initial): C:\Users\Gabi\.gradle\wrapper\dists\gradle-4.4-all\9br9xq1tocpiv8o6njlyu5op1\gradle-4.4\lib\gradle-launcher-4.4.jar
Launcher Type: SUN_STANDARD

Environment Variables:
PATH=C:\Program Files (x86)\NVIDIA Corporation\PhysX\Common;C:\ProgramData\Oracle\Java\javapath;C:\Program Files (x86)\Common Files\Intel\Shared Files\cpp\bin\Intel64;C:\Windows\system32;C:\Windows;C:\Windows\System32\Wbem;C:\Windows\System32\WindowsPowerShell\v1.0\;C:\Program Files\Intel\WiFi\bin\;C:\Program Files\Common Files\Intel\WirelessCommon\;C:\Program Files (x86)\MySQL\MySQL Fabric 1.5 & MySQL Utilities 1.5\;C:\Program Files (x86)\MySQL\MySQL Fabric 1.5 & MySQL Utilities 1.5\Doctrine extensions for PHP\;C:\Program Files\OpenVPN\bin;C:\Program Files\PuTTY\;C:\Program Files\Microsoft SQL Server\130\Tools\Binn\;C:\Program Files\dotnet\;E:\Maje\programas\Git\cmd;C:\Program Files (x86)\Skype\Phone\;C:\Program Files\Intel\WiFi\bin\;C:\Program Files\Common Files\Intel\WirelessCommon\;E:\Maje\programas\Microsoft VS Code\bin
USERNAME=Gabi
OS=Windows_NT
PROCESSOR_IDENTIFIER=Intel64 Family 6 Model 42 Stepping 7, GenuineIntel



---------------  S Y S T E M  ---------------

OS: Windows 7 , 64 bit Build 7601 (6.1.7601.24059)

CPU:total 8 (initial active 8) (4 cores per cpu, 2 threads per core) family 6 model 42 stepping 7, cmov, cx8, fxsr, mmx, sse, sse2, sse3, ssse3, sse4.1, sse4.2, popcnt, avx, aes, clmul, ht, tsc, tscinvbit

Memory: 4k page, physical 12353592k(1164892k free), swap 13400292k(4924k free)

vm_info: OpenJDK 64-Bit Server VM (25.152-b02) for windows-amd64 JRE (1.8.0_152-release-1024-b02), built by "builder" with MS VC++ 10.0 (VS2010)

time: Thu May 03 23:14:12 2018
elapsed time: 7 seconds (0d 0h 0m 7s)

