#
# There is insufficient memory for the Java Runtime Environment to continue.
# Native memory allocation (malloc) failed to allocate 1567568 bytes for Chunk::new
# Possible reasons:
#   The system is out of physical RAM or swap space
#   In 32 bit mode, the process size limit was hit
# Possible solutions:
#   Reduce memory load on the system
#   Increase physical memory or swap space
#   Check if swap backing store is full
#   Use 64 bit Java on a 64 bit OS
#   Decrease Java heap size (-Xmx/-Xms)
#   Decrease number of Java threads
#   Decrease Java thread stack sizes (-Xss)
#   Set larger code cache with -XX:ReservedCodeCacheSize=
# This output file may be truncated or incomplete.
#
#  Out of Memory Error (allocation.cpp:390), pid=8632, tid=0x0000000000001eb0
#
# JRE version: OpenJDK Runtime Environment (8.0_152-b02) (build 1.8.0_152-release-1024-b02)
# Java VM: OpenJDK 64-Bit Server VM (25.152-b02 mixed mode windows-amd64 compressed oops)
# Failed to write core dump. Minidumps are not enabled by default on client versions of Windows
#

---------------  T H R E A D  ---------------

Current thread (0x0000000056ad5000):  JavaThread "C2 CompilerThread2" daemon [_thread_in_native, id=7856, stack(0x00000000585a0000,0x00000000586a0000)]

Stack: [0x00000000585a0000,0x00000000586a0000]
[error occurred during error reporting (printing stack bounds), id 0xc0000005]

Native frames: (J=compiled Java code, j=interpreted, Vv=VM code, C=native code)


Current CompileTask:
C2:   7929 1387   !   4       java.net.URLClassLoader$1::run (63 bytes)


---------------  P R O C E S S  ---------------

Java Threads: ( => current thread )
  0x000000005cb45000 JavaThread "Cache worker for file hash cache (E:\Maje\datos\Documentos\elora\.gradle\4.4\fileHashes)" [_thread_blocked, id=9628, stack(0x000000005e160000,0x000000005e260000)]
  0x0000000059bf8000 JavaThread "File lock request listener" [_thread_in_native, id=9728, stack(0x000000005cf20000,0x000000005d020000)]
  0x000000005bed8800 JavaThread "Cache worker for file hash cache (C:\Users\Gabi\.gradle\caches\4.4\fileHashes)" [_thread_blocked, id=7276, stack(0x0000000058870000,0x0000000058970000)]
  0x0000000059b5e800 JavaThread "Stdin handler" [_thread_blocked, id=4576, stack(0x000000005ab00000,0x000000005ac00000)]
  0x0000000059b5e000 JavaThread "Asynchronous log dispatcher for DefaultDaemonConnection: socket connection from /127.0.0.1:4711 to /127.0.0.1:4712" [_thread_blocked, id=10156, stack(0x000000005a9d0000,0x000000005aad0000)]
  0x0000000059b57000 JavaThread "Daemon worker" [_thread_in_native, id=9432, stack(0x000000005a840000,0x000000005a940000)]
  0x0000000059b58000 JavaThread "Cancel handler" [_thread_blocked, id=9436, stack(0x000000005a660000,0x000000005a760000)]
  0x0000000056ca6000 JavaThread "Handler for socket connection from /127.0.0.1:4711 to /127.0.0.1:4712" [_thread_in_native, id=8548, stack(0x000000005a2f0000,0x000000005a3f0000)]
  0x0000000059e0b000 JavaThread "Daemon" [_thread_blocked, id=9988, stack(0x0000000058b10000,0x0000000058c10000)]
  0x000000005b456800 JavaThread "Daemon periodic checks" [_thread_blocked, id=9292, stack(0x000000005a1b0000,0x000000005a2b0000)]
  0x0000000059ecd000 JavaThread "Incoming local TCP Connector on port 4711" [_thread_in_native, id=9508, stack(0x000000005a0a0000,0x000000005a1a0000)]
  0x0000000056b57800 JavaThread "Service Thread" daemon [_thread_blocked, id=8648, stack(0x0000000058470000,0x0000000058570000)]
  0x0000000056ade000 JavaThread "C1 CompilerThread3" daemon [_thread_blocked, id=8040, stack(0x0000000058710000,0x0000000058810000)]
=>0x0000000056ad5000 JavaThread "C2 CompilerThread2" daemon [_thread_in_native, id=7856, stack(0x00000000585a0000,0x00000000586a0000)]
  0x0000000056acb000 JavaThread "C2 CompilerThread1" daemon [_thread_in_native, id=8032, stack(0x0000000057cc0000,0x0000000057dc0000)]
  0x0000000056ab3000 JavaThread "C2 CompilerThread0" daemon [_thread_blocked, id=8412, stack(0x00000000582e0000,0x00000000583e0000)]
  0x0000000056ab1800 JavaThread "Attach Listener" daemon [_thread_blocked, id=10152, stack(0x0000000058100000,0x0000000058200000)]
  0x0000000056ab0000 JavaThread "Signal Dispatcher" daemon [_thread_blocked, id=9548, stack(0x0000000057fd0000,0x00000000580d0000)]
  0x00000000559ff000 JavaThread "Finalizer" daemon [_thread_blocked, id=1856, stack(0x0000000057e80000,0x0000000057f80000)]
  0x00000000559f7000 JavaThread "Reference Handler" daemon [_thread_blocked, id=8656, stack(0x0000000057ba0000,0x0000000057ca0000)]
  0x000000000218f000 JavaThread "main" [_thread_blocked, id=9004, stack(0x0000000002980000,0x0000000002a80000)]

Other Threads:
  0x0000000056a62800 VMThread [stack: 0x0000000057a00000,0x0000000057b00000] [id=2968]
  0x0000000056b59800 WatcherThread [stack: 0x00000000589d0000,0x0000000058ad0000] [id=1296]

VM state:not at safepoint (normal execution)

VM Mutex/Monitor currently owned by a thread: None

Heap:
 PSYoungGen      total 56832K, used 31298K [0x00000000eab00000, 0x00000000eea00000, 0x0000000100000000)
  eden space 49152K, 48% used [0x00000000eab00000,0x00000000ec216788,0x00000000edb00000)
  from space 7680K, 99% used [0x00000000ee280000,0x00000000ee9fa398,0x00000000eea00000)
  to   space 7680K, 0% used [0x00000000edb00000,0x00000000edb00000,0x00000000ee280000)
 ParOldGen       total 130048K, used 773K [0x00000000c0000000, 0x00000000c7f00000, 0x00000000eab00000)
  object space 130048K, 0% used [0x00000000c0000000,0x00000000c00c1548,0x00000000c7f00000)
 Metaspace       used 16361K, capacity 16734K, committed 16896K, reserved 1062912K
  class space    used 2326K, capacity 2479K, committed 2560K, reserved 1048576K

Card table byte_map: [0x0000000011e40000,0x0000000012050000] byte_map_base: 0x0000000011840000

Marking Bits: (ParMarkBitMap*) 0x0000000059804970
 Begin Bits: [0x0000000012e10000, 0x0000000013e10000)
 End Bits:   [0x0000000013e10000, 0x0000000014e10000)

Polling page: 0x0000000000250000

CodeCache: size=245760Kb used=5216Kb max_used=5216Kb free=240543Kb
 bounds [0x0000000002a80000, 0x0000000002fa0000, 0x0000000011a80000]
 total_blobs=1923 nmethods=1550 adapters=286
 compilation: enabled

Compilation events (10 events):
Event: 7.890 Thread 0x0000000056ade000 nmethod 1547 0x0000000002f79810 code [0x0000000002f79960, 0x0000000002f79a70]
Event: 7.890 Thread 0x0000000056ade000 1548       3       org.gradle.internal.service.DefaultServiceRegistry$OwnServices::add (109 bytes)
Event: 7.894 Thread 0x0000000056ade000 nmethod 1548 0x0000000002f95350 code [0x0000000002f95620, 0x0000000002f96be8]
Event: 7.894 Thread 0x0000000056ade000 1549       3       org.gradle.internal.service.DefaultServiceRegistry::access$1000 (5 bytes)
Event: 7.894 Thread 0x0000000056ade000 nmethod 1549 0x0000000002f97650 code [0x0000000002f977c0, 0x0000000002f97928]
Event: 7.906 Thread 0x0000000056ade000 1550       3       sun.reflect.Reflection::filter (220 bytes)
Event: 7.909 Thread 0x0000000056ade000 nmethod 1550 0x0000000002f979d0 code [0x0000000002f97be0, 0x0000000002f987a8]
Event: 7.922 Thread 0x0000000056ade000 1551       3       java.net.URI::match (56 bytes)
Event: 7.923 Thread 0x0000000056ade000 nmethod 1551 0x0000000002f98e10 code [0x0000000002f98f80, 0x0000000002f99290]
Event: 7.923 Thread 0x0000000056ade000 1552       3       java.net.URI$Parser::scan (73 bytes)

GC Heap History (4 events):
Event: 3.355 GC heap before
{Heap before GC invocations=1 (full 0):
 PSYoungGen      total 56832K, used 49152K [0x00000000eab00000, 0x00000000eea00000, 0x0000000100000000)
  eden space 49152K, 100% used [0x00000000eab00000,0x00000000edb00000,0x00000000edb00000)
  from space 7680K, 0% used [0x00000000ee280000,0x00000000ee280000,0x00000000eea00000)
  to   space 7680K, 0% used [0x00000000edb00000,0x00000000edb00000,0x00000000ee280000)
 ParOldGen       total 130048K, used 0K [0x00000000c0000000, 0x00000000c7f00000, 0x00000000eab00000)
  object space 130048K, 0% used [0x00000000c0000000,0x00000000c0000000,0x00000000c7f00000)
 Metaspace       used 7197K, capacity 7472K, committed 7680K, reserved 1056768K
  class space    used 906K, capacity 984K, committed 1024K, reserved 1048576K
Event: 3.364 GC heap after
Heap after GC invocations=1 (full 0):
 PSYoungGen      total 56832K, used 5363K [0x00000000eab00000, 0x00000000eea00000, 0x0000000100000000)
  eden space 49152K, 0% used [0x00000000eab00000,0x00000000eab00000,0x00000000edb00000)
  from space 7680K, 69% used [0x00000000edb00000,0x00000000ee03cfb0,0x00000000ee280000)
  to   space 7680K, 0% used [0x00000000ee280000,0x00000000ee280000,0x00000000eea00000)
 ParOldGen       total 130048K, used 16K [0x00000000c0000000, 0x00000000c7f00000, 0x00000000eab00000)
  object space 130048K, 0% used [0x00000000c0000000,0x00000000c0004000,0x00000000c7f00000)
 Metaspace       used 7197K, capacity 7472K, committed 7680K, reserved 1056768K
  class space    used 906K, capacity 984K, committed 1024K, reserved 1048576K
}
Event: 7.149 GC heap before
{Heap before GC invocations=2 (full 0):
 PSYoungGen      total 56832K, used 54515K [0x00000000eab00000, 0x00000000eea00000, 0x0000000100000000)
  eden space 49152K, 100% used [0x00000000eab00000,0x00000000edb00000,0x00000000edb00000)
  from space 7680K, 69% used [0x00000000edb00000,0x00000000ee03cfb0,0x00000000ee280000)
  to   space 7680K, 0% used [0x00000000ee280000,0x00000000ee280000,0x00000000eea00000)
 ParOldGen       total 130048K, used 16K [0x00000000c0000000, 0x00000000c7f00000, 0x00000000eab00000)
  object space 130048K, 0% used [0x00000000c0000000,0x00000000c0004000,0x00000000c7f00000)
 Metaspace       used 14227K, capacity 14622K, committed 14720K, reserved 1062912K
  class space    used 1974K, capacity 2095K, committed 2176K, reserved 1048576K
Event: 7.159 GC heap after
Heap after GC invocations=2 (full 0):
 PSYoungGen      total 56832K, used 7656K [0x00000000eab00000, 0x00000000eea00000, 0x0000000100000000)
  eden space 49152K, 0% used [0x00000000eab00000,0x00000000eab00000,0x00000000edb00000)
  from space 7680K, 99% used [0x00000000ee280000,0x00000000ee9fa398,0x00000000eea00000)
  to   space 7680K, 0% used [0x00000000edb00000,0x00000000edb00000,0x00000000ee280000)
 ParOldGen       total 130048K, used 773K [0x00000000c0000000, 0x00000000c7f00000, 0x00000000eab00000)
  object space 130048K, 0% used [0x00000000c0000000,0x00000000c00c1548,0x00000000c7f00000)
 Metaspace       used 14227K, capacity 14622K, committed 14720K, reserved 1062912K
  class space    used 1974K, capacity 2095K, committed 2176K, reserved 1048576K
}

Deoptimization events (10 events):
Event: 6.770 Thread 0x0000000059b57000 Uncommon trap: reason=bimorphic action=maybe_recompile pc=0x0000000002da1fc8 method=java.util.HashMap.putVal(ILjava/lang/Object;Ljava/lang/Object;ZZ)Ljava/lang/Object; @ 253
Event: 6.770 Thread 0x0000000059b57000 Uncommon trap: reason=bimorphic action=maybe_recompile pc=0x0000000002da1fc8 method=java.util.HashMap.putVal(ILjava/lang/Object;Ljava/lang/Object;ZZ)Ljava/lang/Object; @ 253
Event: 6.770 Thread 0x0000000059b57000 Uncommon trap: reason=bimorphic action=maybe_recompile pc=0x0000000002da1fc8 method=java.util.HashMap.putVal(ILjava/lang/Object;Ljava/lang/Object;ZZ)Ljava/lang/Object; @ 253
Event: 6.807 Thread 0x0000000059b57000 Uncommon trap: reason=class_check action=maybe_recompile pc=0x0000000002d21a88 method=java.util.regex.Matcher.match(II)Z @ 86
Event: 7.107 Thread 0x0000000059b57000 Uncommon trap: reason=class_check action=maybe_recompile pc=0x0000000002d21a88 method=java.util.regex.Matcher.match(II)Z @ 86
Event: 7.108 Thread 0x0000000059b57000 Uncommon trap: reason=class_check action=maybe_recompile pc=0x0000000002cec5cc method=java.util.regex.Matcher.match(II)Z @ 86
Event: 7.399 Thread 0x0000000059b57000 Uncommon trap: reason=unstable_if action=reinterpret pc=0x0000000002efdff4 method=java.lang.String.lastIndexOf([CII[CIII)I @ 66
Event: 7.419 Thread 0x0000000059b57000 Uncommon trap: reason=unstable_if action=reinterpret pc=0x0000000002f36f04 method=java.nio.charset.CoderResult.isUnderflow()Z @ 4
Event: 7.922 Thread 0x0000000059b57000 Uncommon trap: reason=unstable_if action=reinterpret pc=0x0000000002bd3188 method=java.net.URI.match(CJJ)Z @ 19
Event: 7.922 Thread 0x0000000059b57000 Uncommon trap: reason=unstable_if action=reinterpret pc=0x0000000002d36db0 method=java.net.URI.match(CJJ)Z @ 19

Classes redefined (0 events):
No events

Internal exceptions (10 events):
Event: 6.655 Thread 0x0000000056ca6000 Exception <a 'java/lang/NoSuchMethodError': <clinit>> (0x00000000ebe2f538) thrown at [D:\src\AOSP-openjdk-cygwin\jdk8u\hotspot\src\share\vm\prims\jni.cpp, line 1613]
Event: 6.656 Thread 0x0000000056ca6000 Exception <a 'java/lang/NoSuchMethodError': <clinit>> (0x00000000ebe38000) thrown at [D:\src\AOSP-openjdk-cygwin\jdk8u\hotspot\src\share\vm\prims\jni.cpp, line 1613]
Event: 6.658 Thread 0x0000000056ca6000 Exception <a 'java/lang/NoSuchMethodError': <clinit>> (0x00000000ebe49668) thrown at [D:\src\AOSP-openjdk-cygwin\jdk8u\hotspot\src\share\vm\prims\jni.cpp, line 1613]
Event: 6.672 Thread 0x0000000056ca6000 Exception <a 'java/lang/NoSuchMethodError': <clinit>> (0x00000000ebeae3d0) thrown at [D:\src\AOSP-openjdk-cygwin\jdk8u\hotspot\src\share\vm\prims\jni.cpp, line 1613]
Event: 6.686 Thread 0x0000000056ca6000 Exception <a 'java/lang/NoSuchMethodError': <clinit>> (0x00000000ebed1d48) thrown at [D:\src\AOSP-openjdk-cygwin\jdk8u\hotspot\src\share\vm\prims\jni.cpp, line 1613]
Event: 6.690 Thread 0x0000000056ca6000 Exception <a 'java/lang/NoSuchMethodError': <clinit>> (0x00000000ebefbed0) thrown at [D:\src\AOSP-openjdk-cygwin\jdk8u\hotspot\src\share\vm\prims\jni.cpp, line 1613]
Event: 6.692 Thread 0x0000000056ca6000 Exception <a 'java/lang/NoSuchMethodError': <clinit>> (0x00000000ebf09a48) thrown at [D:\src\AOSP-openjdk-cygwin\jdk8u\hotspot\src\share\vm\prims\jni.cpp, line 1613]
Event: 6.697 Thread 0x0000000056ca6000 Exception <a 'java/lang/NoSuchMethodError': <clinit>> (0x00000000ebf2e078) thrown at [D:\src\AOSP-openjdk-cygwin\jdk8u\hotspot\src\share\vm\prims\jni.cpp, line 1613]
Event: 6.717 Thread 0x0000000059b57000 Exception <a 'java/lang/NoSuchMethodError': <clinit>> (0x00000000ebfdb348) thrown at [D:\src\AOSP-openjdk-cygwin\jdk8u\hotspot\src\share\vm\prims\jni.cpp, line 1613]
Event: 6.718 Thread 0x0000000059b57000 Exception <a 'java/lang/NoSuchMethodError': <clinit>> (0x00000000ebfe35d0) thrown at [D:\src\AOSP-openjdk-cygwin\jdk8u\hotspot\src\share\vm\prims\jni.cpp, line 1613]

Events (10 events):
Event: 7.921 loading class org/gradle/initialization/DefaultJdkToolsInitializer
Event: 7.921 loading class org/gradle/initialization/DefaultJdkToolsInitializer done
Event: 7.922 Thread 0x0000000059b57000 Uncommon trap: trap_request=0xffffff65 fr.pc=0x0000000002bd3188
Event: 7.922 Thread 0x0000000059b57000 DEOPT PACKING pc=0x0000000002bd3188 sp=0x000000005a93bf50
Event: 7.922 Thread 0x0000000059b57000 DEOPT UNPACKING pc=0x0000000002ac557b sp=0x000000005a93bee0 mode 2
Event: 7.922 Thread 0x0000000059b57000 Uncommon trap: trap_request=0xffffff65 fr.pc=0x0000000002d36db0
Event: 7.922 Thread 0x0000000059b57000 DEOPT PACKING pc=0x0000000002d36db0 sp=0x000000005a93bf50
Event: 7.922 Thread 0x0000000059b57000 DEOPT UNPACKING pc=0x0000000002ac557b sp=0x000000005a93bdd8 mode 2
Event: 7.923 loading class org/gradle/internal/scan/BuildScanServices
Event: 7.923 loading class org/gradle/internal/scan/BuildScanServices done


Dynamic libraries:
0x000000013f480000 - 0x000000013f4b1000 	E:\Maje\programas\android Studio\jre\bin\java.exe
0x0000000076d10000 - 0x0000000076eaf000 	C:\Windows\SYSTEM32\ntdll.dll
0x0000000076bf0000 - 0x0000000076d0f000 	C:\Windows\system32\kernel32.dll
0x000007fefcc50000 - 0x000007fefccba000 	C:\Windows\system32\KERNELBASE.dll
0x000007fefecc0000 - 0x000007fefed9b000 	C:\Windows\system32\ADVAPI32.dll
0x000007fefcf30000 - 0x000007fefcfcf000 	C:\Windows\system32\msvcrt.dll
0x000007fefd1d0000 - 0x000007fefd1ef000 	C:\Windows\SYSTEM32\sechost.dll
0x000007fefdd50000 - 0x000007fefde7d000 	C:\Windows\system32\RPCRT4.dll
0x0000000076af0000 - 0x0000000076bea000 	C:\Windows\system32\USER32.dll
0x000007fefd130000 - 0x000007fefd197000 	C:\Windows\system32\GDI32.dll
0x000007fefecb0000 - 0x000007fefecbe000 	C:\Windows\system32\LPK.dll
0x000007fefcfd0000 - 0x000007fefd09b000 	C:\Windows\system32\USP10.dll
0x000007fef9bd0000 - 0x000007fef9dc4000 	C:\Windows\WinSxS\amd64_microsoft.windows.common-controls_6595b64144ccf1df_6.0.7601.18837_none_fa3b1e3d17594757\COMCTL32.dll
0x000007fefd0a0000 - 0x000007fefd111000 	C:\Windows\system32\SHLWAPI.dll
0x000007fefd1a0000 - 0x000007fefd1ce000 	C:\Windows\system32\IMM32.DLL
0x000007fefd840000 - 0x000007fefd949000 	C:\Windows\system32\MSCTF.dll
0x000007fefc920000 - 0x000007fefc950000 	C:\Windows\system32\nvinitx.dll
0x000007fefc910000 - 0x000007fefc91c000 	C:\Windows\system32\VERSION.dll
0x0000000074320000 - 0x0000000074326000 	C:\Program Files\NVIDIA Corporation\CoProcManager\detoured.dll
0x000007feecfa0000 - 0x000007feecfd8000 	C:\Program Files\NVIDIA Corporation\CoProcManager\nvd3d9wrapx.dll
0x000007fefd9f0000 - 0x000007fefdbc7000 	C:\Windows\system32\SETUPAPI.dll
0x000007fefca00000 - 0x000007fefca36000 	C:\Windows\system32\CFGMGR32.dll
0x000007fefdc70000 - 0x000007fefdd4a000 	C:\Windows\system32\OLEAUT32.dll
0x000007fefee00000 - 0x000007fefeffd000 	C:\Windows\system32\ole32.dll
0x000007fefccd0000 - 0x000007fefccea000 	C:\Windows\system32\DEVOBJ.dll
0x000007feecf70000 - 0x000007feecf94000 	C:\Program Files\NVIDIA Corporation\CoProcManager\nvdxgiwrapx.dll
0x0000000074750000 - 0x0000000074766000 	C:\Windows\system32\PGPmapih.dll
0x000000005ac10000 - 0x000000005ace2000 	E:\Maje\programas\android Studio\jre\jre\bin\msvcr100.dll
0x0000000059040000 - 0x000000005987f000 	E:\Maje\programas\android Studio\jre\jre\bin\server\jvm.dll
0x000007fee9e80000 - 0x000007fee9e89000 	C:\Windows\system32\WSOCK32.dll
0x000007fefd1f0000 - 0x000007fefd23d000 	C:\Windows\system32\WS2_32.dll
0x000007fefd120000 - 0x000007fefd128000 	C:\Windows\system32\NSI.dll
0x000007fef46c0000 - 0x000007fef46fb000 	C:\Windows\system32\WINMM.dll
0x0000000076ec0000 - 0x0000000076ec7000 	C:\Windows\system32\PSAPI.DLL
0x000007fef62e0000 - 0x000007fef62ef000 	E:\Maje\programas\android Studio\jre\jre\bin\verify.dll
0x000007fecea20000 - 0x000007fecea49000 	E:\Maje\programas\android Studio\jre\jre\bin\java.dll
0x000007fecddb0000 - 0x000007fecddc6000 	E:\Maje\programas\android Studio\jre\jre\bin\zip.dll
0x000007fefdf20000 - 0x000007fefecab000 	C:\Windows\system32\SHELL32.dll
0x000007fefc9e0000 - 0x000007fefc9ef000 	C:\Windows\system32\profapi.dll
0x000007fecdd90000 - 0x000007fecddaa000 	E:\Maje\programas\android Studio\jre\jre\bin\net.dll
0x000007fefc170000 - 0x000007fefc1c5000 	C:\Windows\system32\mswsock.dll
0x000007fefc160000 - 0x000007fefc167000 	C:\Windows\System32\wship6.dll
0x000007fecdd70000 - 0x000007fecdd81000 	E:\Maje\programas\android Studio\jre\jre\bin\nio.dll
0x000007feeda80000 - 0x000007feeda9e000 	C:\Users\Gabi\.gradle\native\25\windows-amd64\native-platform.dll
0x000007feee490000 - 0x000007feee49d000 	E:\Maje\programas\android Studio\jre\jre\bin\management.dll
0x000007fefc1d0000 - 0x000007fefc1e8000 	C:\Windows\system32\CRYPTSP.dll
0x000007fefbed0000 - 0x000007fefbf17000 	C:\Windows\system32\rsaenh.dll
0x000007fefcc20000 - 0x000007fefcc3e000 	C:\Windows\system32\USERENV.dll
0x000007fefc840000 - 0x000007fefc84f000 	C:\Windows\system32\CRYPTBASE.dll
0x000007fef9b50000 - 0x000007fef9b77000 	C:\Windows\system32\IPHLPAPI.DLL
0x000007fef9b40000 - 0x000007fef9b4b000 	C:\Windows\system32\WINNSI.DLL
0x000007feecd40000 - 0x000007feecd51000 	C:\Windows\system32\dhcpcsvc6.DLL
0x000007feecd20000 - 0x000007feecd38000 	C:\Windows\system32\dhcpcsvc.DLL

VM Arguments:
jvm_args: -XX:+HeapDumpOnOutOfMemoryError -Xmx1024m -Dfile.encoding=windows-1252 -Duser.country=ES -Duser.language=es -Duser.variant 
java_command: org.gradle.launcher.daemon.bootstrap.GradleDaemon 4.4
java_class_path (initial): C:\Users\Gabi\.gradle\wrapper\dists\gradle-4.4-all\9br9xq1tocpiv8o6njlyu5op1\gradle-4.4\lib\gradle-launcher-4.4.jar
Launcher Type: SUN_STANDARD

Environment Variables:
PATH=C:\Program Files (x86)\NVIDIA Corporation\PhysX\Common;C:\ProgramData\Oracle\Java\javapath;C:\Program Files (x86)\Common Files\Intel\Shared Files\cpp\bin\Intel64;C:\Windows\system32;C:\Windows;C:\Windows\System32\Wbem;C:\Windows\System32\WindowsPowerShell\v1.0\;C:\Program Files\Intel\WiFi\bin\;C:\Program Files\Common Files\Intel\WirelessCommon\;C:\Program Files (x86)\MySQL\MySQL Fabric 1.5 & MySQL Utilities 1.5\;C:\Program Files (x86)\MySQL\MySQL Fabric 1.5 & MySQL Utilities 1.5\Doctrine extensions for PHP\;C:\Program Files\OpenVPN\bin;C:\Program Files\PuTTY\;C:\Program Files\Microsoft SQL Server\130\Tools\Binn\;C:\Program Files\dotnet\;E:\Maje\programas\Git\cmd;C:\Program Files (x86)\Skype\Phone\;C:\Program Files\Intel\WiFi\bin\;C:\Program Files\Common Files\Intel\WirelessCommon\;E:\Maje\programas\Microsoft VS Code\bin
USERNAME=Gabi
OS=Windows_NT
PROCESSOR_IDENTIFIER=Intel64 Family 6 Model 42 Stepping 7, GenuineIntel



---------------  S Y S T E M  ---------------

OS: Windows 7 , 64 bit Build 7601 (6.1.7601.24059)

CPU:total 8 (initial active 8) (4 cores per cpu, 2 threads per core) family 6 model 42 stepping 7, cmov, cx8, fxsr, mmx, sse, sse2, sse3, ssse3, sse4.1, sse4.2, popcnt, avx, aes, clmul, ht, tsc, tscinvbit

Memory: 4k page, physical 12353592k(1346640k free), swap 12901604k(21964k free)

vm_info: OpenJDK 64-Bit Server VM (25.152-b02) for windows-amd64 JRE (1.8.0_152-release-1024-b02), built by "builder" with MS VC++ 10.0 (VS2010)

time: Thu May 03 11:35:54 2018
elapsed time: 7 seconds (0d 0h 0m 7s)

